# JRE version: Java(TM) SE Runtime Environment (8.0_131-b11) (build 1.8.0_131-b11)
# Java VM: Java HotSpot(TM) 64-Bit Server VM (25.131-b11 mixed mode windows-amd64 compressed oops)
Heap:
 PSYoungGen      total 208384K, used 86377K [0x00000000d5d80000, 0x00000000e6900000, 0x0000000100000000)
  eden space 180224K, 39% used [0x00000000d5d80000,0x00000000da381c50,0x00000000e0d80000)
  from space 28160K, 52% used [0x00000000e0d80000,0x00000000e1bd8940,0x00000000e2900000)
  to   space 27136K, 0% used [0x00000000e4e80000,0x00000000e4e80000,0x00000000e6900000)
 ParOldGen       total 104448K, used 47645K [0x0000000081800000, 0x0000000087e00000, 0x00000000d5d80000)
  object space 104448K, 45% used [0x0000000081800000,0x00000000846876f8,0x0000000087e00000)
 Metaspace       used 70506K, capacity 72268K, committed 72448K, reserved 1112064K
  class space    used 8972K, capacity 9367K, committed 9472K, reserved 1048576K
GC Heap History (10 events):
Event: 23.856 GC heap before
{Heap before GC invocations=12 (full 2):
 PSYoungGen      total 140288K, used 140268K [0x00000000d5d80000, 0x00000000e1480000, 0x0000000100000000)
  eden space 128000K, 100% used [0x00000000d5d80000,0x00000000dda80000,0x00000000dda80000)
  from space 12288K, 99% used [0x00000000dda80000,0x00000000de67b250,0x00000000de680000)
  to   space 16384K, 0% used [0x00000000e0480000,0x00000000e0480000,0x00000000e1480000)
 ParOldGen       total 104448K, used 25344K [0x0000000081800000, 0x0000000087e00000, 0x00000000d5d80000)
  object space 104448K, 24% used [0x0000000081800000,0x00000000830c0058,0x0000000087e00000)
 Metaspace       used 54376K, capacity 55800K, committed 56064K, reserved 1097728K
  class space    used 7272K, capacity 7590K, committed 7680K, reserved 1048576K
Event: 23.891 GC heap after
Heap after GC invocations=12 (full 2):
 PSYoungGen      total 166912K, used 16352K [0x00000000d5d80000, 0x00000000e1e80000, 0x0000000100000000)
  eden space 150528K, 0% used [0x00000000d5d80000,0x00000000d5d80000,0x00000000df080000)
  from space 16384K, 99% used [0x00000000e0480000,0x00000000e1478228,0x00000000e1480000)
  to   space 20480K, 0% used [0x00000000df080000,0x00000000df080000,0x00000000e0480000)
 ParOldGen       total 104448K, used 31647K [0x0000000081800000, 0x0000000087e00000, 0x00000000d5d80000)
  object space 104448K, 30% used [0x0000000081800000,0x00000000836e7c00,0x0000000087e00000)
 Metaspace       used 54376K, capacity 55800K, committed 56064K, reserved 1097728K
  class space    used 7272K, capacity 7590K, committed 7680K, reserved 1048576K
}
Event: 28.589 GC heap before
{Heap before GC invocations=13 (full 2):
 PSYoungGen      total 166912K, used 166880K [0x00000000d5d80000, 0x00000000e1e80000, 0x0000000100000000)
  eden space 150528K, 100% used [0x00000000d5d80000,0x00000000df080000,0x00000000df080000)
  from space 16384K, 99% used [0x00000000e0480000,0x00000000e1478228,0x00000000e1480000)
  to   space 20480K, 0% used [0x00000000df080000,0x00000000df080000,0x00000000e0480000)
 ParOldGen       total 104448K, used 31647K [0x0000000081800000, 0x0000000087e00000, 0x00000000d5d80000)
  object space 104448K, 30% used [0x0000000081800000,0x00000000836e7c00,0x0000000087e00000)
 Metaspace       used 56880K, capacity 58546K, committed 58624K, reserved 1099776K
  class space    used 7555K, capacity 7904K, committed 7936K, reserved 1048576K
Event: 28.619 GC heap after
Heap after GC invocations=13 (full 2):
 PSYoungGen      total 171008K, used 20448K [0x00000000d5d80000, 0x00000000e4280000, 0x0000000100000000)
  eden space 150528K, 0% used [0x00000000d5d80000,0x00000000d5d80000,0x00000000df080000)
  from space 20480K, 99% used [0x00000000df080000,0x00000000e04781f8,0x00000000e0480000)
  to   space 26112K, 0% used [0x00000000e2900000,0x00000000e2900000,0x00000000e4280000)
 ParOldGen       total 104448K, used 39069K [0x0000000081800000, 0x0000000087e00000, 0x00000000d5d80000)
  object space 104448K, 37% used [0x0000000081800000,0x0000000083e274b8,0x0000000087e00000)
 Metaspace       used 56880K, capacity 58546K, committed 58624K, reserved 1099776K
  class space    used 7555K, capacity 7904K, committed 7936K, reserved 1048576K
}
Event: 29.817 GC heap before
{Heap before GC invocations=14 (full 2):
 PSYoungGen      total 171008K, used 38514K [0x00000000d5d80000, 0x00000000e4280000, 0x0000000100000000)
  eden space 150528K, 12% used [0x00000000d5d80000,0x00000000d6f248f8,0x00000000df080000)
  from space 20480K, 99% used [0x00000000df080000,0x00000000e04781f8,0x00000000e0480000)
  to   space 26112K, 0% used [0x00000000e2900000,0x00000000e2900000,0x00000000e4280000)
 ParOldGen       total 104448K, used 39069K [0x0000000081800000, 0x0000000087e00000, 0x00000000d5d80000)
  object space 104448K, 37% used [0x0000000081800000,0x0000000083e274b8,0x0000000087e00000)
 Metaspace       used 57361K, capacity 59064K, committed 59160K, reserved 1099776K
  class space    used 7607K, capacity 8007K, committed 8064K, reserved 1048576K
Event: 29.838 GC heap after
Heap after GC invocations=14 (full 2):
 PSYoungGen      total 206336K, used 21493K [0x00000000d5d80000, 0x00000000e4a80000, 0x0000000100000000)
  eden space 180224K, 0% used [0x00000000d5d80000,0x00000000d5d80000,0x00000000e0d80000)
  from space 26112K, 82% used [0x00000000e2900000,0x00000000e3dfd638,0x00000000e4280000)
  to   space 28160K, 0% used [0x00000000e0d80000,0x00000000e0d80000,0x00000000e2900000)
 ParOldGen       total 104448K, used 39077K [0x0000000081800000, 0x0000000087e00000, 0x00000000d5d80000)
  object space 104448K, 37% used [0x0000000081800000,0x0000000083e294b8,0x0000000087e00000)
 Metaspace       used 57361K, capacity 59064K, committed 59160K, reserved 1099776K
  class space    used 7607K, capacity 8007K, committed 8064K, reserved 1048576K
}
Event: 29.838 GC heap before
{Heap before GC invocations=15 (full 3):
 PSYoungGen      total 206336K, used 21493K [0x00000000d5d80000, 0x00000000e4a80000, 0x0000000100000000)
  eden space 180224K, 0% used [0x00000000d5d80000,0x00000000d5d80000,0x00000000e0d80000)
  from space 26112K, 82% used [0x00000000e2900000,0x00000000e3dfd638,0x00000000e4280000)
  to   space 28160K, 0% used [0x00000000e0d80000,0x00000000e0d80000,0x00000000e2900000)
 ParOldGen       total 104448K, used 39077K [0x0000000081800000, 0x0000000087e00000, 0x00000000d5d80000)
  object space 104448K, 37% used [0x0000000081800000,0x0000000083e294b8,0x0000000087e00000)
 Metaspace       used 57361K, capacity 59064K, committed 59160K, reserved 1099776K
  class space    used 7607K, capacity 8007K, committed 8064K, reserved 1048576K
Event: 30.085 GC heap after
Heap after GC invocations=15 (full 3):
 PSYoungGen      total 206336K, used 0K [0x00000000d5d80000, 0x00000000e4a80000, 0x0000000100000000)
  eden space 180224K, 0% used [0x00000000d5d80000,0x00000000d5d80000,0x00000000e0d80000)
  from space 26112K, 0% used [0x00000000e2900000,0x00000000e2900000,0x00000000e4280000)
  to   space 28160K, 0% used [0x00000000e0d80000,0x00000000e0d80000,0x00000000e2900000)
 ParOldGen       total 104448K, used 47637K [0x0000000081800000, 0x0000000087e00000, 0x00000000d5d80000)
  object space 104448K, 45% used [0x0000000081800000,0x00000000846856f8,0x0000000087e00000)
 Metaspace       used 57361K, capacity 59064K, committed 59160K, reserved 1099776K
  class space    used 7607K, capacity 8007K, committed 8064K, reserved 1048576K
}
Event: 36.053 GC heap before
{Heap before GC invocations=16 (full 3):
 PSYoungGen      total 206336K, used 180224K [0x00000000d5d80000, 0x00000000e4a80000, 0x0000000100000000)
  eden space 180224K, 100% used [0x00000000d5d80000,0x00000000e0d80000,0x00000000e0d80000)
  from space 26112K, 0% used [0x00000000e2900000,0x00000000e2900000,0x00000000e4280000)
  to   space 28160K, 0% used [0x00000000e0d80000,0x00000000e0d80000,0x00000000e2900000)
 ParOldGen       total 104448K, used 47637K [0x0000000081800000, 0x0000000087e00000, 0x00000000d5d80000)
  object space 104448K, 45% used [0x0000000081800000,0x00000000846856f8,0x0000000087e00000)
 Metaspace       used 64687K, capacity 66374K, committed 66560K, reserved 1107968K
  class space    used 8485K, capacity 8854K, committed 8960K, reserved 1048576K
Event: 36.067 GC heap after
Heap after GC invocations=16 (full 3):
 PSYoungGen      total 208384K, used 14690K [0x00000000d5d80000, 0x00000000e6900000, 0x0000000100000000)
  eden space 180224K, 0% used [0x00000000d5d80000,0x00000000d5d80000,0x00000000e0d80000)
  from space 28160K, 52% used [0x00000000e0d80000,0x00000000e1bd8940,0x00000000e2900000)
  to   space 27136K, 0% used [0x00000000e4e80000,0x00000000e4e80000,0x00000000e6900000)
 ParOldGen       total 104448K, used 47645K [0x0000000081800000, 0x0000000087e00000, 0x00000000d5d80000)
  object space 104448K, 45% used [0x0000000081800000,0x00000000846876f8,0x0000000087e00000)
 Metaspace       used 64687K, capacity 66374K, committed 66560K, reserved 1107968K
  class space    used 8485K, capacity 8854K, committed 8960K, reserved 1048576K
}

